<?xml version="1.0" encoding="UTF-8"?>
<!-- Generated by org.testng.reporters.JUnitReportReporter -->
<testsuite skipped="0" hostname="LAPTOP-2QMGR94Q" name="pkg01.TC01" tests="1" failures="0" timestamp="28 May 2018 04:07:09 GMT" time="10.142" errors="0">
  <testcase name="testcase" time="10.142" classname="pkg01.TC01"/>
</testsuite> <!-- pkg01.TC01 -->
